Using pre-set license
Built from '2020.2/release' branch; Version is '2020.2.1f1 (270dd8c3da1c) revision 2559448'; Using compiler version '192528614'; Build Type 'Release'
OS: 'Windows 10  (10.0.0) 64bit' Language: 'en' Physical Memory: 16325 MB
BatchMode: 1, IsHumanControllingUs: 0, StartBugReporterOnCrash: 0, Is64bit: 1, IsPro: 0

 COMMAND LINE ARGUMENTS:
C:\Program Files\Unity\Hub\Editor\2020.2.1f1\Editor\Unity.exe
-adb2
-batchMode
-noUpm
-name
AssetImportWorker0
-projectPath
F:/Adalco Games/Project MJ/Project MJ
-logFile
Logs/AssetImportWorker0.log
-srvPort
8031
Successfully changed project path to: F:/Adalco Games/Project MJ/Project MJ
F:/Adalco Games/Project MJ/Project MJ
Using Asset Import Pipeline V2.
Refreshing native plugins compatible for Editor in 68.80 ms, found 1 plugins.
Preloading 0 native plugins for Editor in 0.00 ms.
Initialize engine version: 2020.2.1f1 (270dd8c3da1c)
[Subsystems] Discovering subsystems at path C:/Program Files/Unity/Hub/Editor/2020.2.1f1/Editor/Data/Resources/UnitySubsystems
[Subsystems] Discovering subsystems at path F:/Adalco Games/Project MJ/Project MJ/Assets
GfxDevice: creating device client; threaded=0
Direct3D:
    Version:  Direct3D 11.0 [level 11.1]
    Renderer: NVIDIA GeForce GTX 970 (ID=0x13c2)
    Vendor:   
    VRAM:     4043 MB
    Driver:   26.21.14.3200
Initialize mono
Mono path[0] = 'C:/Program Files/Unity/Hub/Editor/2020.2.1f1/Editor/Data/Managed'
Mono path[1] = 'C:/Program Files/Unity/Hub/Editor/2020.2.1f1/Editor/Data/MonoBleedingEdge/lib/mono/unityjit'
Mono config path = 'C:/Program Files/Unity/Hub/Editor/2020.2.1f1/Editor/Data/MonoBleedingEdge/etc'
Using monoOptions --debugger-agent=transport=dt_socket,embedding=1,server=y,suspend=n,address=127.0.0.1:56984
Begin MonoManager ReloadAssembly
Registering precompiled unity dll's ...
Register platform support module: C:/Program Files/Unity/Hub/Editor/2020.2.1f1/Editor/Data/PlaybackEngines/WindowsStandaloneSupport/UnityEditor.WindowsStandalone.Extensions.dll
Registered in 0.002059 seconds.
Native extension for WindowsStandalone target not found
Refreshing native plugins compatible for Editor in 56.35 ms, found 1 plugins.
Preloading 0 native plugins for Editor in 0.00 ms.
Invoked RoslynAnalysisRunner static constructor.
RoslynAnalysisRunner will not be running.
RoslynAnalysisRunner has terminated.
Mono: successfully reloaded assembly
- Completed reload, in  2.374 seconds
Platform modules already initialized, skipping
Registering precompiled user dll's ...
Registered in 0.001021 seconds.
Begin MonoManager ReloadAssembly
Native extension for WindowsStandalone target not found
Refreshing native plugins compatible for Editor in 59.69 ms, found 1 plugins.
Preloading 0 native plugins for Editor in 0.00 ms.
Invoked RoslynAnalysisRunner static constructor.
RoslynAnalysisRunner will not be running.
RoslynAnalysisRunner has terminated.
Mono: successfully reloaded assembly
- Completed reload, in  1.307 seconds
Platform modules already initialized, skipping
========================================================================
Worker process is ready to serve import requests
Launched and connected shader compiler UnityShaderCompiler.exe after 0.07 seconds
Refreshing native plugins compatible for Editor in 0.40 ms, found 1 plugins.
Preloading 0 native plugins for Editor in 0.00 ms.
Unloading 1795 Unused Serialized files (Serialized files now loaded: 0)
System memory in use before: 84.0 MB.
System memory in use after: 84.0 MB.

Unloading 24 unused Assets to reduce memory usage. Loaded Objects now: 2233.
Total: 3.054400 ms (FindLiveObjects: 0.348300 ms CreateObjectMapping: 0.157700 ms MarkObjects: 2.435100 ms  DeleteObjects: 0.110500 ms)

========================================================================
Received Import Request.
  path: Assets/Prefabs/Platform Prefabs/Platform 15.prefab
  artifactKey: Guid(52708b3722d4d024ba87dac2272a3d4d) Importer(815301076,1909f56bfc062723c751e8b465ee728b)
Start importing Assets/Prefabs/Platform Prefabs/Platform 15.prefab using Guid(52708b3722d4d024ba87dac2272a3d4d) Importer(815301076,1909f56bfc062723c751e8b465ee728b)  -> (artifact id: 'bfd6ef11e6338e5d6486685ee424bf9a') in 0.100562 seconds
  Import took 0.138042 seconds .

========================================================================
Received Import Request.
  Time since last request: 29.885432 seconds.
  path: Assets/Prefabs/Platform Prefabs/Platform 16.prefab
  artifactKey: Guid(2126775e4aab75c47942b0296e3ebc75) Importer(815301076,1909f56bfc062723c751e8b465ee728b)
Start importing Assets/Prefabs/Platform Prefabs/Platform 16.prefab using Guid(2126775e4aab75c47942b0296e3ebc75) Importer(815301076,1909f56bfc062723c751e8b465ee728b)  -> (artifact id: '3addcb2b35fcdc875086c0bd1bd57e12') in 0.014373 seconds
  Import took 0.054665 seconds .

========================================================================
Received Import Request.
  Time since last request: 1.106841 seconds.
  path: Assets/Prefabs/Platform Prefabs/Platform 10.prefab
  artifactKey: Guid(cec195ff73ae4dd458c38c9272c61c8a) Importer(815301076,1909f56bfc062723c751e8b465ee728b)
Start importing Assets/Prefabs/Platform Prefabs/Platform 10.prefab using Guid(cec195ff73ae4dd458c38c9272c61c8a) Importer(815301076,1909f56bfc062723c751e8b465ee728b)  -> (artifact id: '65176186b068d2abf91ab36e71de9157') in 0.014749 seconds
  Import took 0.057992 seconds .

========================================================================
Received Import Request.
  Time since last request: 56.885011 seconds.
  path: Assets/Scenes/Jumping Prototype.unity
  artifactKey: Guid(2cda990e2423bbf4892e6590ba056729) Importer(815301076,1909f56bfc062723c751e8b465ee728b)
Start importing Assets/Scenes/Jumping Prototype.unity using Guid(2cda990e2423bbf4892e6590ba056729) Importer(815301076,1909f56bfc062723c751e8b465ee728b)  -> (artifact id: '006ceee1156b1f2af43a35fcb405beb1') in 0.036413 seconds
  Import took 0.041547 seconds .

========================================================================
Received Import Request.
  Time since last request: 402.391298 seconds.
  path: Assets/Prefabs/Platform Prefabs/Platform 2.prefab
  artifactKey: Guid(cd9a41325d1b8cf42a9d01d2a4b19dcd) Importer(815301076,1909f56bfc062723c751e8b465ee728b)
Start importing Assets/Prefabs/Platform Prefabs/Platform 2.prefab using Guid(cd9a41325d1b8cf42a9d01d2a4b19dcd) Importer(815301076,1909f56bfc062723c751e8b465ee728b)  -> (artifact id: '2fe8b08f7e7483bdee2a8cfbe61219a7') in 0.023319 seconds
  Import took 0.040763 seconds .

========================================================================
Received Prepare
Registering precompiled user dll's ...
Registered in 0.001095 seconds.
Begin MonoManager ReloadAssembly
Native extension for WindowsStandalone target not found
Refreshing native plugins compatible for Editor in 0.78 ms, found 1 plugins.
Preloading 0 native plugins for Editor in 0.00 ms.
Invoked RoslynAnalysisRunner static constructor.
RoslynAnalysisRunner will not be running.
RoslynAnalysisRunner has terminated.
Mono: successfully reloaded assembly
- Completed reload, in  1.240 seconds
Platform modules already initialized, skipping
Refreshing native plugins compatible for Editor in 6.01 ms, found 1 plugins.
Preloading 0 native plugins for Editor in 0.00 ms.
Unloading 1792 Unused Serialized files (Serialized files now loaded: 0)
System memory in use before: 84.1 MB.
System memory in use after: 84.1 MB.

Unloading 12 unused Assets to reduce memory usage. Loaded Objects now: 2236.
Total: 3.886400 ms (FindLiveObjects: 0.495400 ms CreateObjectMapping: 0.249100 ms MarkObjects: 3.004900 ms  DeleteObjects: 0.134800 ms)

========================================================================
Received Prepare
Registering precompiled user dll's ...
Registered in 0.001481 seconds.
Begin MonoManager ReloadAssembly
Native extension for WindowsStandalone target not found
Refreshing native plugins compatible for Editor in 0.85 ms, found 1 plugins.
Preloading 0 native plugins for Editor in 0.00 ms.
Invoked RoslynAnalysisRunner static constructor.
RoslynAnalysisRunner will not be running.
RoslynAnalysisRunner has terminated.
Mono: successfully reloaded assembly
- Completed reload, in  1.272 seconds
Platform modules already initialized, skipping
Refreshing native plugins compatible for Editor in 0.94 ms, found 1 plugins.
Preloading 0 native plugins for Editor in 0.00 ms.
Unloading 1793 Unused Serialized files (Serialized files now loaded: 0)
System memory in use before: 84.2 MB.
System memory in use after: 84.2 MB.

Unloading 12 unused Assets to reduce memory usage. Loaded Objects now: 2239.
Total: 2.220200 ms (FindLiveObjects: 0.267800 ms CreateObjectMapping: 0.146300 ms MarkObjects: 1.701800 ms  DeleteObjects: 0.103000 ms)

========================================================================
Received Import Request.
  Time since last request: 993.839924 seconds.
  path: Assets/Prefabs/Platform Prefabs/Platform 7.prefab
  artifactKey: Guid(057c3700756ebae489d614d0a2871271) Importer(815301076,1909f56bfc062723c751e8b465ee728b)
Start importing Assets/Prefabs/Platform Prefabs/Platform 7.prefab using Guid(057c3700756ebae489d614d0a2871271) Importer(815301076,1909f56bfc062723c751e8b465ee728b)  -> (artifact id: '992a4f47fe48ef31dde4ace497c8040a') in 0.056322 seconds
  Import took 0.069006 seconds .

========================================================================
Received Prepare
Registering precompiled user dll's ...
Registered in 0.001067 seconds.
Begin MonoManager ReloadAssembly
Native extension for WindowsStandalone target not found
Refreshing native plugins compatible for Editor in 0.44 ms, found 1 plugins.
Preloading 0 native plugins for Editor in 0.00 ms.
Invoked RoslynAnalysisRunner static constructor.
RoslynAnalysisRunner will not be running.
RoslynAnalysisRunner has terminated.
Mono: successfully reloaded assembly
- Completed reload, in  0.947 seconds
Platform modules already initialized, skipping
Refreshing native plugins compatible for Editor in 0.40 ms, found 1 plugins.
Preloading 0 native plugins for Editor in 0.00 ms.
Unloading 1794 Unused Serialized files (Serialized files now loaded: 0)
System memory in use before: 84.4 MB.
System memory in use after: 84.4 MB.

Unloading 12 unused Assets to reduce memory usage. Loaded Objects now: 2243.
Total: 2.598000 ms (FindLiveObjects: 0.243000 ms CreateObjectMapping: 0.141000 ms MarkObjects: 2.094800 ms  DeleteObjects: 0.118000 ms)

AssetImportWorkerClient::OnTransportError - code=2 error=End of file
